{"devicePlatform":"","logFolder":"C:\\TestProject\\glowing-giggle\\Reports\\CreateVessel\\20180112_124635","runData":{"hostName":"GDC - TaushevIS","os":"Windows 10 64bit","katalonVersion":"5.2.0.1","browser":"Chrome 63.0.3239.132","hostAddress":"192.168.100.10","sessionId":"8df7fc3f6e4dcee06deeecbade18fc5c","seleniumVersion":"3.7.1","proxyInformation":"ProxyInformation{proxyOption\u003dNO_PROXY, proxyServerType\u003dHTTP, password\u003d, proxyServerAddress\u003d, proxyServerPort\u003d0}","platform":"Windows 10"},"type":"TEST_SUITE","name":"CreateVessel","id":"Test Suites/CreateVessel","source":"","message":"Test Cases/Work/Vessel/1. Create New Vessel FAILED because (of) Unable to click on object \u0027Object Repository/GIAP-DC/Vessel/AddVessel/Select\u0027 (Root cause: org.openqa.selenium.WebDriverException: unknown error: Element \u003cspan class\u003d\"select2 select2-container select2-container--bootstrap\" dir\u003d\"ltr\" style\u003d\"width: 100px;\"\u003e...\u003c/span\u003e is not clickable at point (617, 435). Other element would receive the click: \u003cdiv class\u003d\"blockUI blockOverlay\" style\u003d\"z-index: 1000; border: none; margin: 0px; padding: 0px; width: 100%; height: 100%; top: 0px; left: 0px; background-color: rgb(0, 0, 0); opacity: 0; cursor: default; position: fixed;\"\u003e\u003c/div\u003e\n  (Session info: chrome\u003d63.0.3239.132)\n  (Driver info: chromedriver\u003d2.33.506120 (e3e53437346286c0bc2d2dc9aa4915ba81d9023f),platform\u003dWindows NT 10.0.16299 x86_64) (WARNING: The server did not provide any stacktrace information)\nCommand duration or timeout: 0 milliseconds\nBuild info: version: \u00273.7.1\u0027, revision: \u00278a0099a\u0027, time: \u00272017-11-06T21:07:36.161Z\u0027\nSystem info: host: \u0027TAUSHEVIS\u0027, ip: \u0027192.168.100.10\u0027, os.name: \u0027Windows 10\u0027, os.arch: \u0027amd64\u0027, os.version: \u002710.0\u0027, java.version: \u00271.8.0_102\u0027\nDriver info: com.kms.katalon.selenium.driver.CChromeDriver\nCapabilities {acceptSslCerts: true, applicationCacheEnabled: false, browserConnectionEnabled: false, browserName: chrome, chrome: {chromedriverVersion: 2.33.506120 (e3e53437346286..., userDataDir: C:\\Users\\GDC\\AppData\\Local\\...}, cssSelectorsEnabled: true, databaseEnabled: false, handlesAlerts: true, hasTouchScreen: false, javascriptEnabled: true, locationContextEnabled: true, mobileEmulationEnabled: false, nativeEvents: true, networkConnectionEnabled: false, pageLoadStrategy: normal, platform: XP, platformName: XP, rotatable: false, setWindowRect: true, takesHeapSnapshot: true, takesScreenshot: true, unexpectedAlertBehaviour: , unhandledPromptBehavior: , version: 63.0.3239.132, webStorageEnabled: true}\nSession ID: 8df7fc3f6e4dcee06deeecbade18fc5c)","description":"","startTime":1515750398926,"endTime":1515750448173,"childRecords":[{"isOptional":false,"type":"TEST_CASE","name":"Test Cases/Work/Vessel/1. Create New Vessel","id":"Test Cases/Work/Vessel/1. Create New Vessel","source":"C:\\\\TestProject\\\\glowing-giggleTest Cases\\\\Work\\\\Vessel\\\\1. Create New Vessel.tc","message":"Test Cases/Work/Vessel/1. Create New Vessel FAILED because (of) Unable to click on object \u0027Object Repository/GIAP-DC/Vessel/AddVessel/Select\u0027 (Root cause: org.openqa.selenium.WebDriverException: unknown error: Element \u003cspan class\u003d\"select2 select2-container select2-container--bootstrap\" dir\u003d\"ltr\" style\u003d\"width: 100px;\"\u003e...\u003c/span\u003e is not clickable at point (617, 435). Other element would receive the click: \u003cdiv class\u003d\"blockUI blockOverlay\" style\u003d\"z-index: 1000; border: none; margin: 0px; padding: 0px; width: 100%; height: 100%; top: 0px; left: 0px; background-color: rgb(0, 0, 0); opacity: 0; cursor: default; position: fixed;\"\u003e\u003c/div\u003e\n  (Session info: chrome\u003d63.0.3239.132)\n  (Driver info: chromedriver\u003d2.33.506120 (e3e53437346286c0bc2d2dc9aa4915ba81d9023f),platform\u003dWindows NT 10.0.16299 x86_64) (WARNING: The server did not provide any stacktrace information)\nCommand duration or timeout: 0 milliseconds\nBuild info: version: \u00273.7.1\u0027, revision: \u00278a0099a\u0027, time: \u00272017-11-06T21:07:36.161Z\u0027\nSystem info: host: \u0027TAUSHEVIS\u0027, ip: \u0027192.168.100.10\u0027, os.name: \u0027Windows 10\u0027, os.arch: \u0027amd64\u0027, os.version: \u002710.0\u0027, java.version: \u00271.8.0_102\u0027\nDriver info: com.kms.katalon.selenium.driver.CChromeDriver\nCapabilities {acceptSslCerts: true, applicationCacheEnabled: false, browserConnectionEnabled: false, browserName: chrome, chrome: {chromedriverVersion: 2.33.506120 (e3e53437346286..., userDataDir: C:\\Users\\GDC\\AppData\\Local\\...}, cssSelectorsEnabled: true, databaseEnabled: false, handlesAlerts: true, hasTouchScreen: false, javascriptEnabled: true, locationContextEnabled: true, mobileEmulationEnabled: false, nativeEvents: true, networkConnectionEnabled: false, pageLoadStrategy: normal, platform: XP, platformName: XP, rotatable: false, setWindowRect: true, takesHeapSnapshot: true, takesScreenshot: true, unexpectedAlertBehaviour: , unhandledPromptBehavior: , version: 63.0.3239.132, webStorageEnabled: true}\nSession ID: 8df7fc3f6e4dcee06deeecbade18fc5c)","description":"","startTime":1515750399412,"endTime":1515750428376,"childRecords":[{"testStatus":{"stackTrace":"","statusValue":"INFO"},"type":"MESSAGE","name":"","message":"Evaluating variables for test case","startTime":1515750399707,"endTime":0,"childRecords":[],"interuppted":false},{"index":1,"isIgnoredIfFailed":false,"type":"TEST_STEP","name":"callTestCase","message":"Call Test Case \u0027Test Cases/Work/Valid login\u0027 successfully","description":"\\u0412\\u0445\\u043E\\u0434\\u0438\\u043C \\u0432 \\u0441\\u0438\\u0441\\u0442\\u0435\\u043C\\u0443","startTime":1515750400191,"endTime":1515750412549,"childRecords":[{"isOptional":false,"type":"TEST_CASE","name":"Test Cases/Work/Valid login","id":"Test Cases/Work/Valid login","source":"C:\\\\TestProject\\\\glowing-giggleTest Cases\\\\Work\\\\Valid login.tc","message":"Test Cases/Work/Valid login","description":"","startTime":1515750400319,"endTime":1515750412541,"childRecords":[{"testStatus":{"stackTrace":"","statusValue":"INFO"},"type":"MESSAGE","name":"","message":"Evaluating variables for test case","startTime":1515750400338,"endTime":0,"childRecords":[],"interuppted":false},{"testStatus":{"stackTrace":"","statusValue":"INFO"},"type":"MESSAGE","name":"","message":"Variable \u0027StartURL\u0027 is set to https://system.misnik.by:8484/index.php","startTime":1515750400340,"endTime":0,"childRecords":[],"interuppted":false},{"testStatus":{"stackTrace":"","statusValue":"INFO"},"type":"MESSAGE","name":"","message":"Variable \u0027Name\u0027 is set to TaushevIS","startTime":1515750400345,"endTime":0,"childRecords":[],"interuppted":false},{"testStatus":{"stackTrace":"","statusValue":"INFO"},"type":"MESSAGE","name":"","message":"Variable \u0027Pass\u0027 is set to tMYPHSIa","startTime":1515750400348,"endTime":0,"childRecords":[],"interuppted":false},{"index":1,"isIgnoredIfFailed":false,"type":"TEST_STEP","name":"openBrowser","message":"Browser is opened with url: \u0027https://system.misnik.by:8484/index.php\u0027","description":"","startTime":1515750400661,"endTime":1515750409194,"childRecords":[{"testStatus":{"stackTrace":"","statusValue":"PASSED"},"type":"MESSAGE","name":"","message":"Browser is opened with url: \u0027https://system.misnik.by:8484/index.php\u0027","startTime":1515750409193,"endTime":0,"childRecords":[],"interuppted":false}],"interuppted":false},{"index":2,"isIgnoredIfFailed":false,"type":"TEST_STEP","name":"verifyTextPresent","message":"Text \u0027Вход\u0027 is present on page ","description":"","startTime":1515750409195,"endTime":1515750409357,"childRecords":[{"testStatus":{"stackTrace":"","statusValue":"PASSED"},"type":"MESSAGE","name":"","message":"Text \u0027Вход\u0027 is present on page ","startTime":1515750409357,"endTime":0,"childRecords":[],"interuppted":false}],"interuppted":false},{"index":3,"isIgnoredIfFailed":false,"type":"TEST_STEP","name":"setText","message":"Text \u0027TaushevIS\u0027 is set on object \u0027Object Repository/GIAP-DC/loginPage/input_username\u0027","description":"","startTime":1515750409358,"endTime":1515750409777,"childRecords":[{"testStatus":{"stackTrace":"","statusValue":"PASSED"},"type":"MESSAGE","name":"","message":"Text \u0027TaushevIS\u0027 is set on object \u0027Object Repository/GIAP-DC/loginPage/input_username\u0027","startTime":1515750409776,"endTime":0,"childRecords":[],"interuppted":false}],"interuppted":false},{"index":4,"isIgnoredIfFailed":false,"type":"TEST_STEP","name":"setText","message":"Text \u0027tMYPHSIa\u0027 is set on object \u0027Object Repository/GIAP-DC/loginPage/input_password\u0027","description":"","startTime":1515750409778,"endTime":1515750409961,"childRecords":[{"testStatus":{"stackTrace":"","statusValue":"PASSED"},"type":"MESSAGE","name":"","message":"Text \u0027tMYPHSIa\u0027 is set on object \u0027Object Repository/GIAP-DC/loginPage/input_password\u0027","startTime":1515750409960,"endTime":0,"childRecords":[],"interuppted":false}],"interuppted":false},{"index":5,"isIgnoredIfFailed":false,"type":"TEST_STEP","name":"click","message":"Object: \u0027Object Repository/GIAP-DC/loginPage/loginButton\u0027 is clicked on","description":"","startTime":1515750409962,"endTime":1515750412157,"childRecords":[{"testStatus":{"stackTrace":"","statusValue":"PASSED"},"type":"MESSAGE","name":"","message":"Object: \u0027Object Repository/GIAP-DC/loginPage/loginButton\u0027 is clicked on","startTime":1515750412157,"endTime":0,"childRecords":[],"interuppted":false}],"interuppted":false},{"index":6,"isIgnoredIfFailed":false,"type":"TEST_STEP","name":"verifyTextPresent","message":"Text \u0027Главная\u0027 is present on page ","description":"","startTime":1515750412158,"endTime":1515750412540,"childRecords":[{"testStatus":{"stackTrace":"","statusValue":"PASSED"},"type":"MESSAGE","name":"","message":"Text \u0027Главная\u0027 is present on page ","startTime":1515750412539,"endTime":0,"childRecords":[],"interuppted":false}],"interuppted":false},{"testStatus":{"stackTrace":"","statusValue":"PASSED"},"type":"MESSAGE","name":"","message":"Test Cases/Work/Valid login","startTime":1515750412540,"endTime":0,"childRecords":[],"interuppted":false}],"interuppted":false},{"testStatus":{"stackTrace":"","statusValue":"PASSED"},"type":"MESSAGE","name":"","message":"Call Test Case \u0027Test Cases/Work/Valid login\u0027 successfully","startTime":1515750412548,"endTime":0,"childRecords":[],"interuppted":false}],"interuppted":false},{"index":2,"isIgnoredIfFailed":false,"type":"TEST_STEP","name":"click","message":"Object: \u0027Object Repository/GIAP-DC/Vessel/AddVessel/Vessel\u0027 is clicked on","description":"\\u041F\\u0435\\u0440\\u0435\\u0445\\u043E\\u0434\\u0438\\u043C \\u0441 \\u0441\\u043E\\u0441\\u0443\\u0434\\u044B","startTime":1515750412549,"endTime":1515750414956,"childRecords":[{"testStatus":{"stackTrace":"","statusValue":"PASSED"},"type":"MESSAGE","name":"","message":"Object: \u0027Object Repository/GIAP-DC/Vessel/AddVessel/Vessel\u0027 is clicked on","startTime":1515750414955,"endTime":0,"childRecords":[],"interuppted":false}],"interuppted":false},{"index":3,"isIgnoredIfFailed":false,"type":"TEST_STEP","name":"waitForJQueryLoad","message":"jQuery is ready.","description":"","startTime":1515750414957,"endTime":1515750421422,"childRecords":[{"testStatus":{"stackTrace":"","statusValue":"WARNING"},"type":"MESSAGE","name":"","message":"Timeout \u00270\u0027 is invalid. Using default page load timeout: \u002715\u0027","startTime":1515750415049,"endTime":0,"childRecords":[],"interuppted":false},{"testStatus":{"stackTrace":"","statusValue":"PASSED"},"type":"MESSAGE","name":"","message":"jQuery is ready.","startTime":1515750421420,"endTime":0,"childRecords":[],"interuppted":false}],"interuppted":false},{"index":4,"isIgnoredIfFailed":false,"type":"TEST_STEP","name":"click","message":"Object: \u0027Object Repository/GIAP-DC/Vessel/AddVessel/Add\u0027 is clicked on","description":"\\u0412\\u044B\\u0437\\u044B\\u0432\\u0430\\u0435\\u043C \\u043E\\u043A\\u043D\\u043E \\u0434\\u043E\\u0431\\u0430\\u0432\\u043B\\u0435\\u043D\\u0438\\u044F \\u0421\\u043E\\u0441\\u0443\\u0434\\u043E\\u0432","startTime":1515750421422,"endTime":1515750421948,"childRecords":[{"testStatus":{"stackTrace":"","statusValue":"PASSED"},"type":"MESSAGE","name":"","message":"Object: \u0027Object Repository/GIAP-DC/Vessel/AddVessel/Add\u0027 is clicked on","startTime":1515750421948,"endTime":0,"childRecords":[],"interuppted":false}],"interuppted":false},{"index":5,"isIgnoredIfFailed":false,"type":"TEST_STEP","name":"verifyElementText","message":"Actual text and expected text of test object \u0027Object Repository/GIAP-DC/Vessel/AddVessel/h4_\u0027 are matched.","description":"","startTime":1515750421949,"endTime":1515750424232,"childRecords":[{"testStatus":{"stackTrace":"","statusValue":"PASSED"},"type":"MESSAGE","name":"","message":"Actual text and expected text of test object \u0027Object Repository/GIAP-DC/Vessel/AddVessel/h4_\u0027 are matched.","startTime":1515750424232,"endTime":0,"childRecords":[],"interuppted":false}],"interuppted":false},{"index":6,"isIgnoredIfFailed":false,"type":"TEST_STEP","name":"click","message":"Object: \u0027Object Repository/GIAP-DC/Vessel/AddVessel/Other\u0027 is clicked on","description":"\\u0412\\u044B\\u0431\\u0438\\u0440\\u0430\\u0435\\u043C \\u0438\\u043D\\u0442\\u0435\\u0440\\u0444\\u0435\\u0439\\u0441 \\\"\\u0414\\u0440\\u0443\\u0433\\u0438\\u0435\\\"","startTime":1515750424233,"endTime":1515750424870,"childRecords":[{"testStatus":{"stackTrace":"","statusValue":"PASSED"},"type":"MESSAGE","name":"","message":"Object: \u0027Object Repository/GIAP-DC/Vessel/AddVessel/Other\u0027 is clicked on","startTime":1515750424869,"endTime":0,"childRecords":[],"interuppted":false}],"interuppted":false},{"index":7,"isIgnoredIfFailed":false,"type":"TEST_STEP","name":"delay","message":"Delayed 3 second(s)","description":"","startTime":1515750424871,"endTime":1515750427889,"childRecords":[{"testStatus":{"stackTrace":"","statusValue":"PASSED"},"type":"MESSAGE","name":"","message":"Delayed 3 second(s)","startTime":1515750427889,"endTime":0,"childRecords":[],"interuppted":false}],"interuppted":false},{"attachment":"1515750428021.png","index":8,"isIgnoredIfFailed":false,"type":"TEST_STEP","name":"click","message":"Unable to click on object \u0027Object Repository/GIAP-DC/Vessel/AddVessel/Select\u0027 (Root cause: org.openqa.selenium.WebDriverException: unknown error: Element \u003cspan class\u003d\"select2 select2-container select2-container--bootstrap\" dir\u003d\"ltr\" style\u003d\"width: 100px;\"\u003e...\u003c/span\u003e is not clickable at point (617, 435). Other element would receive the click: \u003cdiv class\u003d\"blockUI blockOverlay\" style\u003d\"z-index: 1000; border: none; margin: 0px; padding: 0px; width: 100%; height: 100%; top: 0px; left: 0px; background-color: rgb(0, 0, 0); opacity: 0; cursor: default; position: fixed;\"\u003e\u003c/div\u003e\n  (Session info: chrome\u003d63.0.3239.132)\n  (Driver info: chromedriver\u003d2.33.506120 (e3e53437346286c0bc2d2dc9aa4915ba81d9023f),platform\u003dWindows NT 10.0.16299 x86_64) (WARNING: The server did not provide any stacktrace information)\nCommand duration or timeout: 0 milliseconds\nBuild info: version: \u00273.7.1\u0027, revision: \u00278a0099a\u0027, time: \u00272017-11-06T21:07:36.161Z\u0027\nSystem info: host: \u0027TAUSHEVIS\u0027, ip: \u0027192.168.100.10\u0027, os.name: \u0027Windows 10\u0027, os.arch: \u0027amd64\u0027, os.version: \u002710.0\u0027, java.version: \u00271.8.0_102\u0027\nDriver info: com.kms.katalon.selenium.driver.CChromeDriver\nCapabilities {acceptSslCerts: true, applicationCacheEnabled: false, browserConnectionEnabled: false, browserName: chrome, chrome: {chromedriverVersion: 2.33.506120 (e3e53437346286..., userDataDir: C:\\Users\\GDC\\AppData\\Local\\...}, cssSelectorsEnabled: true, databaseEnabled: false, handlesAlerts: true, hasTouchScreen: false, javascriptEnabled: true, locationContextEnabled: true, mobileEmulationEnabled: false, nativeEvents: true, networkConnectionEnabled: false, pageLoadStrategy: normal, platform: XP, platformName: XP, rotatable: false, setWindowRect: true, takesHeapSnapshot: true, takesScreenshot: true, unexpectedAlertBehaviour: , unhandledPromptBehavior: , version: 63.0.3239.132, webStorageEnabled: true}\nSession ID: 8df7fc3f6e4dcee06deeecbade18fc5c)","description":"\\u041A\\u043B\\u0438\\u043A \\u043D\\u0430 select","startTime":1515750427890,"endTime":1515750428371,"childRecords":[{"testStatus":{"stackTrace":"","statusValue":"FAILED"},"attachment":"1515750428021.png","type":"MESSAGE","name":"","message":"Unable to click on object \u0027Object Repository/GIAP-DC/Vessel/AddVessel/Select\u0027 (Root cause: org.openqa.selenium.WebDriverException: unknown error: Element \u003cspan class\u003d\"select2 select2-container select2-container--bootstrap\" dir\u003d\"ltr\" style\u003d\"width: 100px;\"\u003e...\u003c/span\u003e is not clickable at point (617, 435). Other element would receive the click: \u003cdiv class\u003d\"blockUI blockOverlay\" style\u003d\"z-index: 1000; border: none; margin: 0px; padding: 0px; width: 100%; height: 100%; top: 0px; left: 0px; background-color: rgb(0, 0, 0); opacity: 0; cursor: default; position: fixed;\"\u003e\u003c/div\u003e\n  (Session info: chrome\u003d63.0.3239.132)\n  (Driver info: chromedriver\u003d2.33.506120 (e3e53437346286c0bc2d2dc9aa4915ba81d9023f),platform\u003dWindows NT 10.0.16299 x86_64) (WARNING: The server did not provide any stacktrace information)\nCommand duration or timeout: 0 milliseconds\nBuild info: version: \u00273.7.1\u0027, revision: \u00278a0099a\u0027, time: \u00272017-11-06T21:07:36.161Z\u0027\nSystem info: host: \u0027TAUSHEVIS\u0027, ip: \u0027192.168.100.10\u0027, os.name: \u0027Windows 10\u0027, os.arch: \u0027amd64\u0027, os.version: \u002710.0\u0027, java.version: \u00271.8.0_102\u0027\nDriver info: com.kms.katalon.selenium.driver.CChromeDriver\nCapabilities {acceptSslCerts: true, applicationCacheEnabled: false, browserConnectionEnabled: false, browserName: chrome, chrome: {chromedriverVersion: 2.33.506120 (e3e53437346286..., userDataDir: C:\\Users\\GDC\\AppData\\Local\\...}, cssSelectorsEnabled: true, databaseEnabled: false, handlesAlerts: true, hasTouchScreen: false, javascriptEnabled: true, locationContextEnabled: true, mobileEmulationEnabled: false, nativeEvents: true, networkConnectionEnabled: false, pageLoadStrategy: normal, platform: XP, platformName: XP, rotatable: false, setWindowRect: true, takesHeapSnapshot: true, takesScreenshot: true, unexpectedAlertBehaviour: , unhandledPromptBehavior: , version: 63.0.3239.132, webStorageEnabled: true}\nSession ID: 8df7fc3f6e4dcee06deeecbade18fc5c)","startTime":1515750428370,"endTime":0,"childRecords":[],"interuppted":false}],"interuppted":false},{"testStatus":{"stackTrace":"","statusValue":"FAILED"},"type":"MESSAGE","name":"","message":"Test Cases/Work/Vessel/1. Create New Vessel FAILED because (of) Unable to click on object \u0027Object Repository/GIAP-DC/Vessel/AddVessel/Select\u0027 (Root cause: org.openqa.selenium.WebDriverException: unknown error: Element \u003cspan class\u003d\"select2 select2-container select2-container--bootstrap\" dir\u003d\"ltr\" style\u003d\"width: 100px;\"\u003e...\u003c/span\u003e is not clickable at point (617, 435). Other element would receive the click: \u003cdiv class\u003d\"blockUI blockOverlay\" style\u003d\"z-index: 1000; border: none; margin: 0px; padding: 0px; width: 100%; height: 100%; top: 0px; left: 0px; background-color: rgb(0, 0, 0); opacity: 0; cursor: default; position: fixed;\"\u003e\u003c/div\u003e\n  (Session info: chrome\u003d63.0.3239.132)\n  (Driver info: chromedriver\u003d2.33.506120 (e3e53437346286c0bc2d2dc9aa4915ba81d9023f),platform\u003dWindows NT 10.0.16299 x86_64) (WARNING: The server did not provide any stacktrace information)\nCommand duration or timeout: 0 milliseconds\nBuild info: version: \u00273.7.1\u0027, revision: \u00278a0099a\u0027, time: \u00272017-11-06T21:07:36.161Z\u0027\nSystem info: host: \u0027TAUSHEVIS\u0027, ip: \u0027192.168.100.10\u0027, os.name: \u0027Windows 10\u0027, os.arch: \u0027amd64\u0027, os.version: \u002710.0\u0027, java.version: \u00271.8.0_102\u0027\nDriver info: com.kms.katalon.selenium.driver.CChromeDriver\nCapabilities {acceptSslCerts: true, applicationCacheEnabled: false, browserConnectionEnabled: false, browserName: chrome, chrome: {chromedriverVersion: 2.33.506120 (e3e53437346286..., userDataDir: C:\\Users\\GDC\\AppData\\Local\\...}, cssSelectorsEnabled: true, databaseEnabled: false, handlesAlerts: true, hasTouchScreen: false, javascriptEnabled: true, locationContextEnabled: true, mobileEmulationEnabled: false, nativeEvents: true, networkConnectionEnabled: false, pageLoadStrategy: normal, platform: XP, platformName: XP, rotatable: false, setWindowRect: true, takesHeapSnapshot: true, takesScreenshot: true, unexpectedAlertBehaviour: , unhandledPromptBehavior: , version: 63.0.3239.132, webStorageEnabled: true}\nSession ID: 8df7fc3f6e4dcee06deeecbade18fc5c)","startTime":1515750428372,"endTime":0,"childRecords":[],"interuppted":false}],"interuppted":false},{"isOptional":false,"type":"TEST_CASE","name":"Test Cases/Work/Vessel/3. FillingOperatingParameters","id":"Test Cases/Work/Vessel/3. FillingOperatingParameters","source":"C:\\\\TestProject\\\\glowing-giggleTest Cases\\\\Work\\\\Vessel\\\\3. FillingOperatingParameters.tc","message":"Test Cases/Work/Vessel/3. FillingOperatingParameters FAILED because (of) Unable to click on object \u0027Object Repository/GIAP-DC/Vessel/Operating Parameters/operatingParametersButton\u0027 (Root cause: com.kms.katalon.core.webui.exception.WebElementNotFoundException: Web element with id: \u0027Object Repository/GIAP-DC/Vessel/Operating Parameters/operatingParametersButton\u0027 located by \u0027By.xpath: //button[count(. | //*[@type \u003d \u0027button\u0027]) \u003d count(//*[@type \u003d \u0027button\u0027])][count(. | //*[text() \u003d \u0027Параметры эксплуатации\u0027]) \u003d count(//*[text() \u003d \u0027Параметры эксплуатации\u0027])]\u0027 not found)","description":"","startTime":1515750428428,"endTime":1515750447344,"childRecords":[{"testStatus":{"stackTrace":"","statusValue":"INFO"},"type":"MESSAGE","name":"","message":"Evaluating variables for test case","startTime":1515750428448,"endTime":0,"childRecords":[],"interuppted":false},{"index":1,"isIgnoredIfFailed":false,"type":"TEST_STEP","name":"comment","message":"Добавляем объект на вкладку \"Текущие пространиства\"","description":"","startTime":1515750428618,"endTime":1515750428627,"childRecords":[],"interuppted":false},{"index":2,"isIgnoredIfFailed":false,"type":"TEST_STEP","name":"callTestCase","message":"Unable to call Test Case with id \u0027Test Cases/Work/Vessel/OpParam/Main\u0027 (Root cause: Call Test Case \u0027Test Cases/Work/Vessel/OpParam/Main\u0027 failed)","description":"","startTime":1515750428628,"endTime":1515750447306,"childRecords":[{"isOptional":false,"type":"TEST_CASE","name":"Test Cases/Work/Vessel/OpParam/Main","id":"Test Cases/Work/Vessel/OpParam/Main","source":"C:\\\\TestProject\\\\glowing-giggleTest Cases\\\\Work\\\\Vessel\\\\OpParam\\\\Main.tc","message":"Test Cases/Work/Vessel/OpParam/Main FAILED because (of) Unable to click on object \u0027Object Repository/GIAP-DC/Vessel/Operating Parameters/operatingParametersButton\u0027 (Root cause: com.kms.katalon.core.webui.exception.WebElementNotFoundException: Web element with id: \u0027Object Repository/GIAP-DC/Vessel/Operating Parameters/operatingParametersButton\u0027 located by \u0027By.xpath: //button[count(. | //*[@type \u003d \u0027button\u0027]) \u003d count(//*[@type \u003d \u0027button\u0027])][count(. | //*[text() \u003d \u0027Параметры эксплуатации\u0027]) \u003d count(//*[text() \u003d \u0027Параметры эксплуатации\u0027])]\u0027 not found)","description":"","startTime":1515750428685,"endTime":1515750447302,"childRecords":[{"testStatus":{"stackTrace":"","statusValue":"INFO"},"type":"MESSAGE","name":"","message":"Evaluating variables for test case","startTime":1515750428701,"endTime":0,"childRecords":[],"interuppted":false},{"attachment":"1515750446984.png","index":1,"isIgnoredIfFailed":false,"type":"TEST_STEP","name":"click","message":"Unable to click on object \u0027Object Repository/GIAP-DC/Vessel/Operating Parameters/operatingParametersButton\u0027 (Root cause: com.kms.katalon.core.webui.exception.WebElementNotFoundException: Web element with id: \u0027Object Repository/GIAP-DC/Vessel/Operating Parameters/operatingParametersButton\u0027 located by \u0027By.xpath: //button[count(. | //*[@type \u003d \u0027button\u0027]) \u003d count(//*[@type \u003d \u0027button\u0027])][count(. | //*[text() \u003d \u0027Параметры эксплуатации\u0027]) \u003d count(//*[text() \u003d \u0027Параметры эксплуатации\u0027])]\u0027 not found)","description":"","startTime":1515750428849,"endTime":1515750447299,"childRecords":[{"testStatus":{"stackTrace":"","statusValue":"FAILED"},"attachment":"1515750446984.png","type":"MESSAGE","name":"","message":"Unable to click on object \u0027Object Repository/GIAP-DC/Vessel/Operating Parameters/operatingParametersButton\u0027 (Root cause: com.kms.katalon.core.webui.exception.WebElementNotFoundException: Web element with id: \u0027Object Repository/GIAP-DC/Vessel/Operating Parameters/operatingParametersButton\u0027 located by \u0027By.xpath: //button[count(. | //*[@type \u003d \u0027button\u0027]) \u003d count(//*[@type \u003d \u0027button\u0027])][count(. | //*[text() \u003d \u0027Параметры эксплуатации\u0027]) \u003d count(//*[text() \u003d \u0027Параметры эксплуатации\u0027])]\u0027 not found)","startTime":1515750447298,"endTime":0,"childRecords":[],"interuppted":false}],"interuppted":false},{"testStatus":{"stackTrace":"","statusValue":"FAILED"},"type":"MESSAGE","name":"","message":"Test Cases/Work/Vessel/OpParam/Main FAILED because (of) Unable to click on object \u0027Object Repository/GIAP-DC/Vessel/Operating Parameters/operatingParametersButton\u0027 (Root cause: com.kms.katalon.core.webui.exception.WebElementNotFoundException: Web element with id: \u0027Object Repository/GIAP-DC/Vessel/Operating Parameters/operatingParametersButton\u0027 located by \u0027By.xpath: //button[count(. | //*[@type \u003d \u0027button\u0027]) \u003d count(//*[@type \u003d \u0027button\u0027])][count(. | //*[text() \u003d \u0027Параметры эксплуатации\u0027]) \u003d count(//*[text() \u003d \u0027Параметры эксплуатации\u0027])]\u0027 not found)","startTime":1515750447299,"endTime":0,"childRecords":[],"interuppted":false}],"interuppted":false},{"testStatus":{"stackTrace":"","statusValue":"FAILED"},"type":"MESSAGE","name":"","message":"Unable to call Test Case with id \u0027Test Cases/Work/Vessel/OpParam/Main\u0027 (Root cause: Call Test Case \u0027Test Cases/Work/Vessel/OpParam/Main\u0027 failed)","startTime":1515750447303,"endTime":0,"childRecords":[],"interuppted":false}],"interuppted":false},{"testStatus":{"stackTrace":"","statusValue":"FAILED"},"type":"MESSAGE","name":"","message":"Test Cases/Work/Vessel/3. FillingOperatingParameters FAILED because (of) Unable to click on object \u0027Object Repository/GIAP-DC/Vessel/Operating Parameters/operatingParametersButton\u0027 (Root cause: com.kms.katalon.core.webui.exception.WebElementNotFoundException: Web element with id: \u0027Object Repository/GIAP-DC/Vessel/Operating Parameters/operatingParametersButton\u0027 located by \u0027By.xpath: //button[count(. | //*[@type \u003d \u0027button\u0027]) \u003d count(//*[@type \u003d \u0027button\u0027])][count(. | //*[text() \u003d \u0027Параметры эксплуатации\u0027]) \u003d count(//*[text() \u003d \u0027Параметры эксплуатации\u0027])]\u0027 not found)","startTime":1515750447307,"endTime":0,"childRecords":[],"interuppted":false}],"interuppted":false}],"interuppted":false}